[debug] [2023-02-11T13:26:11.230Z] ----------------------------------------------------------------------
[debug] [2023-02-11T13:26:11.232Z] Command:       C:\Program Files\nodejs\node.exe C:\Users\ademk\AppData\Roaming\npm\node_modules\firebase-tools\lib\bin\firebase.js emulators:start
[debug] [2023-02-11T13:26:11.232Z] CLI Version:   11.22.0
[debug] [2023-02-11T13:26:11.232Z] Platform:      win32
[debug] [2023-02-11T13:26:11.232Z] Node Version:  v16.17.1
[debug] [2023-02-11T13:26:11.233Z] Time:          Sat Feb 11 2023 16:26:11 GMT+0300 (GMT+03:00)
[debug] [2023-02-11T13:26:11.233Z] ----------------------------------------------------------------------
[debug] 
[debug] [2023-02-11T13:26:11.362Z] > command requires scopes: ["email","openid","https://www.googleapis.com/auth/cloudplatformprojects.readonly","https://www.googleapis.com/auth/firebase","https://www.googleapis.com/auth/cloud-platform"]
[debug] [2023-02-11T13:26:11.363Z] > authorizing via signed-in user (ademkalfa9@gmail.com)
[info] i  emulators: Starting emulators: functions, hosting {"metadata":{"emulator":{"name":"hub"},"message":"Starting emulators: functions, hosting"}}
[debug] [2023-02-11T13:26:11.378Z] [logging] Logging Emulator only supports listening on one address (127.0.0.1). Not listening on ::1
[debug] [2023-02-11T13:26:11.379Z] [hosting] Hosting Emulator only supports listening on one address (127.0.0.1). Not listening on ::1
[debug] [2023-02-11T13:26:11.379Z] assigned listening specs for emulators {"user":{"hub":[{"address":"127.0.0.1","family":"IPv4","port":4400},{"address":"::1","family":"IPv6","port":4400}],"ui":[{"address":"127.0.0.1","family":"IPv4","port":4000},{"address":"::1","family":"IPv6","port":4000}],"logging":[{"address":"127.0.0.1","family":"IPv4","port":4500}],"hosting":[{"address":"127.0.0.1","family":"IPv4","port":5000}]},"metadata":{"message":"assigned listening specs for emulators"}}
[debug] [2023-02-11T13:26:11.388Z] [hub] writing locator at C:\Users\ademk\AppData\Local\Temp\hub-clone-cb015.json
[debug] [2023-02-11T13:26:11.421Z] [functions] Functions Emulator only supports listening on one address (127.0.0.1). Not listening on ::1
[debug] [2023-02-11T13:26:11.421Z] [eventarc] Eventarc Emulator only supports listening on one address (127.0.0.1). Not listening on ::1
[debug] [2023-02-11T13:26:11.421Z] late-assigned ports for functions and eventarc emulators {"user":{"hub":[{"address":"127.0.0.1","family":"IPv4","port":4400},{"address":"::1","family":"IPv6","port":4400}],"ui":[{"address":"127.0.0.1","family":"IPv4","port":4000},{"address":"::1","family":"IPv6","port":4000}],"logging":[{"address":"127.0.0.1","family":"IPv4","port":4500}],"hosting":[{"address":"127.0.0.1","family":"IPv4","port":5000}],"functions":[{"address":"127.0.0.1","family":"IPv4","port":5001}],"eventarc":[{"address":"127.0.0.1","family":"IPv4","port":9299}]},"metadata":{"message":"late-assigned ports for functions and eventarc emulators"}}
[warn] !  functions: The following emulators are not running, calls to these services from the Functions emulator will affect production: auth, firestore, database, pubsub, storage {"metadata":{"emulator":{"name":"functions"},"message":"The following emulators are not running, calls to these services from the Functions emulator will affect production: \u001b[1mauth, firestore, database, pubsub, storage\u001b[22m"}}
[debug] [2023-02-11T13:26:11.429Z] defaultcredentials: writing to file C:\Users\ademk\AppData\Roaming\firebase\ademkalfa9_gmail_com_application_default_credentials.json
[debug] [2023-02-11T13:26:11.437Z] Setting GAC to C:\Users\ademk\AppData\Roaming\firebase\ademkalfa9_gmail_com_application_default_credentials.json {"metadata":{"emulator":{"name":"functions"},"message":"Setting GAC to C:\\Users\\ademk\\AppData\\Roaming\\firebase\\ademkalfa9_gmail_com_application_default_credentials.json"}}
[debug] [2023-02-11T13:26:11.440Z] >>> [apiv2][query] GET https://firebase.googleapis.com/v1beta1/projects/clone-cb015/adminSdkConfig [none]
[debug] [2023-02-11T13:26:11.841Z] <<< [apiv2][status] GET https://firebase.googleapis.com/v1beta1/projects/clone-cb015/adminSdkConfig 200
[debug] [2023-02-11T13:26:11.841Z] <<< [apiv2][body] GET https://firebase.googleapis.com/v1beta1/projects/clone-cb015/adminSdkConfig {"projectId":"clone-cb015","storageBucket":"clone-cb015.appspot.com"}
[debug] [2023-02-11T13:26:11.864Z] >>> [apiv2][query] GET https://firebasehosting.googleapis.com/v1beta1/projects/clone-cb015/sites 
[debug] [2023-02-11T13:26:13.061Z] <<< [apiv2][status] GET https://firebasehosting.googleapis.com/v1beta1/projects/clone-cb015/sites 200
[debug] [2023-02-11T13:26:13.062Z] <<< [apiv2][body] GET https://firebasehosting.googleapis.com/v1beta1/projects/clone-cb015/sites {"sites":[{"name":"projects/clone-cb015/sites/clone-cb015","defaultUrl":"https://clone-cb015.web.app","appId":"1:914527443652:web:f307ac787ee4714089c791","type":"DEFAULT_SITE"}]}
[debug] [2023-02-11T13:26:13.063Z] >>> [apiv2][query] GET https://firebase.googleapis.com/v1beta1/projects/clone-cb015/webApps/1:914527443652:web:f307ac787ee4714089c791/config [none]
[debug] [2023-02-11T13:26:14.044Z] <<< [apiv2][status] GET https://firebase.googleapis.com/v1beta1/projects/clone-cb015/webApps/1:914527443652:web:f307ac787ee4714089c791/config 200
[debug] [2023-02-11T13:26:14.045Z] <<< [apiv2][body] GET https://firebase.googleapis.com/v1beta1/projects/clone-cb015/webApps/1:914527443652:web:f307ac787ee4714089c791/config {"projectId":"clone-cb015","appId":"1:914527443652:web:f307ac787ee4714089c791","storageBucket":"clone-cb015.appspot.com","apiKey":"AIzaSyAJYfjq7A2uzlHZi_7gvlrSwqGJXOGPVdk","authDomain":"clone-cb015.firebaseapp.com","messagingSenderId":"914527443652","measurementId":"G-2W7P1D8VMQ"}
[debug] [2023-02-11T13:26:14.066Z] >>> [apiv2][query] GET https://firebase.googleapis.com/v1beta1/projects/clone-cb015 [none]
[debug] [2023-02-11T13:26:14.396Z] <<< [apiv2][status] GET https://firebase.googleapis.com/v1beta1/projects/clone-cb015 200
[debug] [2023-02-11T13:26:14.396Z] <<< [apiv2][body] GET https://firebase.googleapis.com/v1beta1/projects/clone-cb015 {"projectId":"clone-cb015","projectNumber":"914527443652","displayName":"amazon-clone","name":"projects/clone-cb015","resources":{"hostingSite":"clone-cb015"},"state":"ACTIVE","etag":"1_805f8128-21e1-466c-8275-2404f2ac9e14"}
[info] i  hosting[clone-cb015]: Serving hosting files from: build {"metadata":{"emulator":{"name":"hosting"},"message":"Serving hosting files from: \u001b[1mbuild\u001b[22m"}}
[info] +  hosting[clone-cb015]: Local server: http://127.0.0.1:5000 {"metadata":{"emulator":{"name":"hosting"},"message":"Local server: \u001b[4m\u001b[1mhttp://127.0.0.1:5000\u001b[22m\u001b[24m"}}
[debug] [2023-02-11T13:26:14.489Z] Ignoring unsupported arg: auto_download {"metadata":{"emulator":{"name":"ui"},"message":"Ignoring unsupported arg: auto_download"}}
[debug] [2023-02-11T13:26:14.490Z] Ignoring unsupported arg: port {"metadata":{"emulator":{"name":"ui"},"message":"Ignoring unsupported arg: port"}}
[debug] [2023-02-11T13:26:14.491Z] Starting Emulator UI with command {"binary":"node","args":["C:\\Users\\ademk\\.cache\\firebase\\emulators\\ui-v1.11.2\\server\\server.js"],"optionalArgs":[],"joinArgs":false} {"metadata":{"emulator":{"name":"ui"},"message":"Starting Emulator UI with command {\"binary\":\"node\",\"args\":[\"C:\\\\Users\\\\ademk\\\\.cache\\\\firebase\\\\emulators\\\\ui-v1.11.2\\\\server\\\\server.js\"],\"optionalArgs\":[],\"joinArgs\":false}"}}
[info] i  ui: Emulator UI logging to ui-debug.log {"metadata":{"emulator":{"name":"ui"},"message":"Emulator UI logging to \u001b[1mui-debug.log\u001b[22m"}}
[debug] [2023-02-11T13:26:14.835Z] Web / API server started at 127.0.0.1:4000
 {"metadata":{"emulator":{"name":"ui"},"message":"Web / API server started at 127.0.0.1:4000\n"}}
[debug] [2023-02-11T13:26:14.836Z] Web / API server started at ::1:4000
 {"metadata":{"emulator":{"name":"ui"},"message":"Web / API server started at ::1:4000\n"}}
[info] i  functions: Watching "C:\Users\ademk\ADEM\FRONTEND-12\FULL_STACK\REACT\REACT_PROJECT\Amazon_clone\amazon-clone\functions" for Cloud Functions... {"metadata":{"emulator":{"name":"functions"},"message":"Watching \"C:\\Users\\ademk\\ADEM\\FRONTEND-12\\FULL_STACK\\REACT\\REACT_PROJECT\\Amazon_clone\\amazon-clone\\functions\" for Cloud Functions..."}}
[debug] [2023-02-11T13:26:15.094Z] Validating nodejs source
[warn] !  functions: package.json indicates an outdated version of firebase-functions. Please upgrade using npm install --save firebase-functions@latest in your functions directory. 
[warn] !  functions: Please note that there will be breaking changes when you upgrade. 
[debug] [2023-02-11T13:26:16.830Z] > [functions] package.json contents: {
  "name": "functions",
  "description": "Cloud Functions for Firebase",
  "scripts": {
    "lint": "eslint .",
    "serve": "firebase emulators:start --only functions",
    "shell": "firebase functions:shell",
    "start": "npm run shell",
    "deploy": "firebase deploy --only functions",
    "logs": "firebase functions:log"
  },
  "engines": {
    "node": "16"
  },
  "main": "index.js",
  "dependencies": {
    "cors": "^2.8.5",
    "express": "^4.18.2",
    "firebase-admin": "^10.0.2",
    "firebase-functions": "^3.18.0",
    "stripe": "^11.10.0"
  },
  "devDependencies": {
    "eslint": "^8.9.0",
    "eslint-config-google": "^0.14.0",
    "firebase-functions-test": "^0.2.0"
  },
  "private": true
}
[debug] [2023-02-11T13:26:16.831Z] Building nodejs source
[debug] [2023-02-11T13:26:16.831Z] Failed to find version of module node: reached end of search path C:\Users\ademk\ADEM\FRONTEND-12\FULL_STACK\REACT\REACT_PROJECT\Amazon_clone\amazon-clone\functions\node_modules
[info] +  functions: Using node@16 from host. 
[debug] [2023-02-11T13:26:16.834Z] Could not find functions.yaml. Must use http discovery
[debug] [2023-02-11T13:26:16.842Z] Found firebase-functions binary at 'C:\Users\ademk\ADEM\FRONTEND-12\FULL_STACK\REACT\REACT_PROJECT\Amazon_clone\amazon-clone\functions\node_modules\.bin\firebase-functions'
[debug] [2023-02-11T13:26:17.210Z] Serving at port 8147

[debug] [2023-02-11T13:26:17.390Z] Got response from /__/functions.yaml Failed to generate manifest from function source: TypeError: app.use is not a function
[debug] [2023-02-11T13:26:17.393Z] Failed to parse functions.yamlincomplete explicit mapping pair; a key node is missed; or followed by a non-tabulated empty line at line 1, column 60:
     ...  from function source: TypeError: app.use is not a function
                                         ^ {"name":"YAMLException","reason":"incomplete explicit mapping pair; a key node is missed; or followed by a non-tabulated empty line","mark":{"name":null,"buffer":"Failed to generate manifest from function source: TypeError: app.use is not a function\n\u0000","position":59,"line":0,"column":59},"message":"incomplete explicit mapping pair; a key node is missed; or followed by a non-tabulated empty line at line 1, column 60:\n     ...  from function source: TypeError: app.use is not a function\n                                         ^"}
[debug] [2023-02-11T13:26:17.396Z] shutdown requested via /__/quitquitquit

[error] !!  functions: Failed to load function definition from source: FirebaseError: Failed to load function definition from source: Failed to generate manifest from function source: TypeError: app.use is not a function {"metadata":{"emulator":{"name":"functions"},"message":"Failed to load function definition from source: FirebaseError: Failed to load function definition from source: Failed to generate manifest from function source: TypeError: app.use is not a function"}}
[info] 
┌─────────────────────────────────────────────────────────────┐
│ ✔  All emulators ready! It is now safe to connect your app. │
│ i  View Emulator UI at http://127.0.0.1:4000/               │
└─────────────────────────────────────────────────────────────┘

┌───────────┬────────────────┬─────────────────────────────────┐
│ Emulator  │ Host:Port      │ View in Emulator UI             │
├───────────┼────────────────┼─────────────────────────────────┤
│ Functions │ 127.0.0.1:5001 │ http://127.0.0.1:4000/functions │
├───────────┼────────────────┼─────────────────────────────────┤
│ Hosting   │ 127.0.0.1:5000 │ n/a                             │
└───────────┴────────────────┴─────────────────────────────────┘
  Emulator Hub running at 127.0.0.1:4400
  Other reserved ports: 4500

Issues? Report them at https://github.com/firebase/firebase-tools/issues and attach the *-debug.log files.
 
[debug] [2023-02-11T13:26:47.543Z] [work-queue] {"queuedWork":["/clone-cb015/us-central1/api/payments/create-2023-02-11T13:26:47.543Z"],"queueLength":1,"runningWork":[],"workRunningCount":0}
[debug] [2023-02-11T13:26:47.543Z] [work-queue] {"queuedWork":[],"queueLength":0,"runningWork":["/clone-cb015/us-central1/api/payments/create-2023-02-11T13:26:47.543Z"],"workRunningCount":1}
[debug] [2023-02-11T13:26:47.545Z] [work-queue] {"queuedWork":[],"queueLength":0,"runningWork":[],"workRunningCount":0}
[debug] [2023-02-11T13:27:16.456Z] [work-queue] {"queuedWork":["/clone-cb015/us-central1/api/payments/create-2023-02-11T13:27:16.455Z"],"queueLength":1,"runningWork":[],"workRunningCount":0}
[debug] [2023-02-11T13:27:16.456Z] [work-queue] {"queuedWork":[],"queueLength":0,"runningWork":["/clone-cb015/us-central1/api/payments/create-2023-02-11T13:27:16.455Z"],"workRunningCount":1}
[debug] [2023-02-11T13:27:16.458Z] [work-queue] {"queuedWork":[],"queueLength":0,"runningWork":[],"workRunningCount":0}
[debug] [2023-02-11T13:27:22.758Z] [work-queue] {"queuedWork":["/clone-cb015/us-central1/api/payments/create-2023-02-11T13:27:22.758Z"],"queueLength":1,"runningWork":[],"workRunningCount":0}
[debug] [2023-02-11T13:27:22.758Z] [work-queue] {"queuedWork":[],"queueLength":0,"runningWork":["/clone-cb015/us-central1/api/payments/create-2023-02-11T13:27:22.758Z"],"workRunningCount":1}
[debug] [2023-02-11T13:27:22.759Z] [work-queue] {"queuedWork":[],"queueLength":0,"runningWork":[],"workRunningCount":0}
[debug] [2023-02-11T13:27:23.882Z] [work-queue] {"queuedWork":["/clone-cb015/us-central1/api/payments/create-2023-02-11T13:27:23.882Z"],"queueLength":1,"runningWork":[],"workRunningCount":0}
[debug] [2023-02-11T13:27:23.883Z] [work-queue] {"queuedWork":[],"queueLength":0,"runningWork":["/clone-cb015/us-central1/api/payments/create-2023-02-11T13:27:23.882Z"],"workRunningCount":1}
[debug] [2023-02-11T13:27:23.883Z] [work-queue] {"queuedWork":[],"queueLength":0,"runningWork":[],"workRunningCount":0}
[debug] [2023-02-11T13:27:26.830Z] [work-queue] {"queuedWork":["/clone-cb015/us-central1/api/payments/create-2023-02-11T13:27:26.830Z"],"queueLength":1,"runningWork":[],"workRunningCount":0}
[debug] [2023-02-11T13:27:26.831Z] [work-queue] {"queuedWork":[],"queueLength":0,"runningWork":["/clone-cb015/us-central1/api/payments/create-2023-02-11T13:27:26.830Z"],"workRunningCount":1}
[debug] [2023-02-11T13:27:26.832Z] [work-queue] {"queuedWork":[],"queueLength":0,"runningWork":[],"workRunningCount":0}
[debug] [2023-02-11T13:27:38.060Z] [work-queue] {"queuedWork":["/clone-cb015/us-central1/api/payments/create-2023-02-11T13:27:38.060Z"],"queueLength":1,"runningWork":[],"workRunningCount":0}
[debug] [2023-02-11T13:27:38.060Z] [work-queue] {"queuedWork":[],"queueLength":0,"runningWork":["/clone-cb015/us-central1/api/payments/create-2023-02-11T13:27:38.060Z"],"workRunningCount":1}
[debug] [2023-02-11T13:27:38.062Z] [work-queue] {"queuedWork":[],"queueLength":0,"runningWork":[],"workRunningCount":0}
[debug] [2023-02-11T13:27:39.316Z] [work-queue] {"queuedWork":["/clone-cb015/us-central1/api/payments/create-2023-02-11T13:27:39.316Z"],"queueLength":1,"runningWork":[],"workRunningCount":0}
[debug] [2023-02-11T13:27:39.316Z] [work-queue] {"queuedWork":[],"queueLength":0,"runningWork":["/clone-cb015/us-central1/api/payments/create-2023-02-11T13:27:39.316Z"],"workRunningCount":1}
[debug] [2023-02-11T13:27:39.318Z] [work-queue] {"queuedWork":[],"queueLength":0,"runningWork":[],"workRunningCount":0}
[debug] [2023-02-11T13:27:41.332Z] [work-queue] {"queuedWork":["/clone-cb015/us-central1/api/payments/create-2023-02-11T13:27:41.332Z"],"queueLength":1,"runningWork":[],"workRunningCount":0}
[debug] [2023-02-11T13:27:41.333Z] [work-queue] {"queuedWork":[],"queueLength":0,"runningWork":["/clone-cb015/us-central1/api/payments/create-2023-02-11T13:27:41.332Z"],"workRunningCount":1}
[debug] [2023-02-11T13:27:41.334Z] [work-queue] {"queuedWork":[],"queueLength":0,"runningWork":[],"workRunningCount":0}
[debug] [2023-02-11T13:28:05.953Z] [work-queue] {"queuedWork":["/clone-cb015/us-central1/api/payments/create-2023-02-11T13:28:05.953Z"],"queueLength":1,"runningWork":[],"workRunningCount":0}
[debug] [2023-02-11T13:28:05.954Z] [work-queue] {"queuedWork":[],"queueLength":0,"runningWork":["/clone-cb015/us-central1/api/payments/create-2023-02-11T13:28:05.953Z"],"workRunningCount":1}
[debug] [2023-02-11T13:28:05.955Z] [work-queue] {"queuedWork":[],"queueLength":0,"runningWork":[],"workRunningCount":0}
[debug] [2023-02-11T13:28:09.878Z] [work-queue] {"queuedWork":["/clone-cb015/us-central1/api/payments/create-2023-02-11T13:28:09.878Z"],"queueLength":1,"runningWork":[],"workRunningCount":0}
[debug] [2023-02-11T13:28:09.878Z] [work-queue] {"queuedWork":[],"queueLength":0,"runningWork":["/clone-cb015/us-central1/api/payments/create-2023-02-11T13:28:09.878Z"],"workRunningCount":1}
[debug] [2023-02-11T13:28:09.879Z] [work-queue] {"queuedWork":[],"queueLength":0,"runningWork":[],"workRunningCount":0}
[debug] [2023-02-11T13:31:17.721Z] [work-queue] {"queuedWork":["/clone-cb015/us-central1/api/payments/create-2023-02-11T13:31:17.721Z"],"queueLength":1,"runningWork":[],"workRunningCount":0}
[debug] [2023-02-11T13:31:17.722Z] [work-queue] {"queuedWork":[],"queueLength":0,"runningWork":["/clone-cb015/us-central1/api/payments/create-2023-02-11T13:31:17.721Z"],"workRunningCount":1}
[debug] [2023-02-11T13:31:17.723Z] [work-queue] {"queuedWork":[],"queueLength":0,"runningWork":[],"workRunningCount":0}
[debug] [2023-02-11T13:34:26.871Z] [work-queue] {"queuedWork":["/clone-cb015/us-central1/api/payments/create-2023-02-11T13:34:26.871Z"],"queueLength":1,"runningWork":[],"workRunningCount":0}
[debug] [2023-02-11T13:34:26.872Z] [work-queue] {"queuedWork":[],"queueLength":0,"runningWork":["/clone-cb015/us-central1/api/payments/create-2023-02-11T13:34:26.871Z"],"workRunningCount":1}
[debug] [2023-02-11T13:34:26.874Z] [work-queue] {"queuedWork":[],"queueLength":0,"runningWork":[],"workRunningCount":0}
[debug] [2023-02-11T13:35:03.942Z] [work-queue] {"queuedWork":["/clone-cb015/us-central1/api/payments/create-2023-02-11T13:35:03.942Z"],"queueLength":1,"runningWork":[],"workRunningCount":0}
[debug] [2023-02-11T13:35:03.943Z] [work-queue] {"queuedWork":[],"queueLength":0,"runningWork":["/clone-cb015/us-central1/api/payments/create-2023-02-11T13:35:03.942Z"],"workRunningCount":1}
[debug] [2023-02-11T13:35:03.946Z] [work-queue] {"queuedWork":[],"queueLength":0,"runningWork":[],"workRunningCount":0}
